<?xml version="1.0" encoding="UTF-8"?>
<!-- Generated by org.testng.reporters.JUnitReportReporter -->
<testsuite hostname="CIL19101258.local" failures="0" tests="1" name="Suite.AmazonSuite" time="7.826" errors="0" timestamp="17 Jul 2021 16:23:52 GMT" skipped="0">
  <testcase classname="Suite.AmazonSuite" name="Test1" time="7.826"/>
</testsuite> <!-- Suite.AmazonSuite -->
